# JRE version: Java(TM) SE Runtime Environment (8.0_05-b13) (build 1.8.0_05-b13)
# Java VM: Java HotSpot(TM) 64-Bit Server VM (25.5-b02 mixed mode windows-amd64 compressed oops)
Heap:
 PSYoungGen      total 199168K, used 98244K [0x00000000f0000000, 0x0000000100000000, 0x0000000100000000)
  eden space 149504K, 38% used [0x00000000f0000000,0x00000000f37d38b8,0x00000000f9200000)
  from space 49664K, 82% used [0x00000000fcf80000,0x00000000ff79dad0,0x0000000100000000)
  to   space 56320K, 0% used [0x00000000f9200000,0x00000000f9200000,0x00000000fc900000)
 ParOldGen       total 74240K, used 64651K [0x00000000d0000000, 0x00000000d4880000, 0x00000000f0000000)
  object space 74240K, 87% used [0x00000000d0000000,0x00000000d3f22e08,0x00000000d4880000)
 Metaspace       used 61970K, capacity 63576K, committed 63732K, reserved 1105920K
  class space    used 7131K, capacity 7644K, committed 7680K, reserved 1048576K
GC Heap History (10 events):
Event: 19.349 GC heap before
{Heap before GC invocations=63 (full 5):
 PSYoungGen      total 229376K, used 212706K [0x00000000f0000000, 0x0000000100000000, 0x0000000100000000)
  eden space 201216K, 96% used [0x00000000f0000000,0x00000000fbe258c0,0x00000000fc480000)
  from space 28160K, 63% used [0x00000000fc480000,0x00000000fd613140,0x00000000fe000000)
  to   space 29696K, 0% used [0x00000000fe300000,0x00000000fe300000,0x0000000100000000)
 ParOldGen       total 74240K, used 62472K [0x00000000d0000000, 0x00000000d4880000, 0x00000000f0000000)
  object space 74240K, 84% used [0x00000000d0000000,0x00000000d3d021b0,0x00000000d4880000)
 Metaspace       used 55560K, capacity 56952K, committed 57076K, reserved 1099776K
  class space    used 6193K, capacity 6580K, committed 6656K, reserved 1048576K
Event: 19.396 GC heap after
Heap after GC invocations=63 (full 5):
 PSYoungGen      total 224256K, used 26620K [0x00000000f0000000, 0x0000000100000000, 0x0000000100000000)
  eden space 194560K, 0% used [0x00000000f0000000,0x00000000f0000000,0x00000000fbe00000)
  from space 29696K, 89% used [0x00000000fe300000,0x00000000ffcff140,0x0000000100000000)
  to   space 33792K, 0% used [0x00000000fbe00000,0x00000000fbe00000,0x00000000fdf00000)
 ParOldGen       total 74240K, used 62480K [0x00000000d0000000, 0x00000000d4880000, 0x00000000f0000000)
  object space 74240K, 84% used [0x00000000d0000000,0x00000000d3d041b0,0x00000000d4880000)
 Metaspace       used 55560K, capacity 56952K, committed 57076K, reserved 1099776K
  class space    used 6193K, capacity 6580K, committed 6656K, reserved 1048576K
}
Event: 19.814 GC heap before
{Heap before GC invocations=64 (full 5):
 PSYoungGen      total 224256K, used 221180K [0x00000000f0000000, 0x0000000100000000, 0x0000000100000000)
  eden space 194560K, 100% used [0x00000000f0000000,0x00000000fbe00000,0x00000000fbe00000)
  from space 29696K, 89% used [0x00000000fe300000,0x00000000ffcff140,0x0000000100000000)
  to   space 33792K, 0% used [0x00000000fbe00000,0x00000000fbe00000,0x00000000fdf00000)
 ParOldGen       total 74240K, used 62480K [0x00000000d0000000, 0x00000000d4880000, 0x00000000f0000000)
  object space 74240K, 84% used [0x00000000d0000000,0x00000000d3d041b0,0x00000000d4880000)
 Metaspace       used 57521K, capacity 58918K, committed 59124K, reserved 1101824K
  class space    used 6464K, capacity 6872K, committed 6912K, reserved 1048576K
Event: 19.858 GC heap after
Heap after GC invocations=64 (full 5):
 PSYoungGen      total 226304K, used 31700K [0x00000000f0000000, 0x0000000100000000, 0x0000000100000000)
  eden space 194560K, 0% used [0x00000000f0000000,0x00000000f0000000,0x00000000fbe00000)
  from space 31744K, 99% used [0x00000000fbe00000,0x00000000fdcf52a8,0x00000000fdd00000)
  to   space 35840K, 0% used [0x00000000fdd00000,0x00000000fdd00000,0x0000000100000000)
 ParOldGen       total 74240K, used 62488K [0x00000000d0000000, 0x00000000d4880000, 0x00000000f0000000)
  object space 74240K, 84% used [0x00000000d0000000,0x00000000d3d061b0,0x00000000d4880000)
 Metaspace       used 57521K, capacity 58918K, committed 59124K, reserved 1101824K
  class space    used 6464K, capacity 6872K, committed 6912K, reserved 1048576K
}
Event: 20.592 GC heap before
{Heap before GC invocations=65 (full 5):
 PSYoungGen      total 226304K, used 226260K [0x00000000f0000000, 0x0000000100000000, 0x0000000100000000)
  eden space 194560K, 100% used [0x00000000f0000000,0x00000000fbe00000,0x00000000fbe00000)
  from space 31744K, 99% used [0x00000000fbe00000,0x00000000fdcf52a8,0x00000000fdd00000)
  to   space 35840K, 0% used [0x00000000fdd00000,0x00000000fdd00000,0x0000000100000000)
 ParOldGen       total 74240K, used 62488K [0x00000000d0000000, 0x00000000d4880000, 0x00000000f0000000)
  object space 74240K, 84% used [0x00000000d0000000,0x00000000d3d061b0,0x00000000d4880000)
 Metaspace       used 58806K, capacity 60252K, committed 60404K, reserved 1101824K
  class space    used 6663K, capacity 7092K, committed 7168K, reserved 1048576K
Event: 20.648 GC heap after
Heap after GC invocations=65 (full 5):
 PSYoungGen      total 207872K, used 35809K [0x00000000f0000000, 0x0000000100000000, 0x0000000100000000)
  eden space 172032K, 0% used [0x00000000f0000000,0x00000000f0000000,0x00000000fa800000)
  from space 35840K, 99% used [0x00000000fdd00000,0x00000000ffff85e8,0x0000000100000000)
  to   space 45056K, 0% used [0x00000000fa800000,0x00000000fa800000,0x00000000fd400000)
 ParOldGen       total 74240K, used 64635K [0x00000000d0000000, 0x00000000d4880000, 0x00000000f0000000)
  object space 74240K, 87% used [0x00000000d0000000,0x00000000d3f1ee08,0x00000000d4880000)
 Metaspace       used 58806K, capacity 60252K, committed 60404K, reserved 1101824K
  class space    used 6663K, capacity 7092K, committed 7168K, reserved 1048576K
}
Event: 21.100 GC heap before
{Heap before GC invocations=66 (full 5):
 PSYoungGen      total 207872K, used 206757K [0x00000000f0000000, 0x0000000100000000, 0x0000000100000000)
  eden space 172032K, 99% used [0x00000000f0000000,0x00000000fa6f1120,0x00000000fa800000)
  from space 35840K, 99% used [0x00000000fdd00000,0x00000000ffff85e8,0x0000000100000000)
  to   space 45056K, 0% used [0x00000000fa800000,0x00000000fa800000,0x00000000fd400000)
 ParOldGen       total 74240K, used 64635K [0x00000000d0000000, 0x00000000d4880000, 0x00000000f0000000)
  object space 74240K, 87% used [0x00000000d0000000,0x00000000d3f1ee08,0x00000000d4880000)
 Metaspace       used 59590K, capacity 61060K, committed 61300K, reserved 1103872K
  class space    used 6786K, capacity 7206K, committed 7296K, reserved 1048576K
Event: 21.156 GC heap after
Heap after GC invocations=66 (full 5):
 PSYoungGen      total 212480K, used 40172K [0x00000000f0000000, 0x0000000100000000, 0x0000000100000000)
  eden space 172032K, 0% used [0x00000000f0000000,0x00000000f0000000,0x00000000fa800000)
  from space 40448K, 99% used [0x00000000fa800000,0x00000000fcf3b088,0x00000000fcf80000)
  to   space 49664K, 0% used [0x00000000fcf80000,0x00000000fcf80000,0x0000000100000000)
 ParOldGen       total 74240K, used 64643K [0x00000000d0000000, 0x00000000d4880000, 0x00000000f0000000)
  object space 74240K, 87% used [0x00000000d0000000,0x00000000d3f20e08,0x00000000d4880000)
 Metaspace       used 59590K, capacity 61060K, committed 61300K, reserved 1103872K
  class space    used 6786K, capacity 7206K, committed 7296K, reserved 1048576K
}
Event: 21.440 GC heap before
{Heap before GC invocations=67 (full 5):
 PSYoungGen      total 212480K, used 212204K [0x00000000f0000000, 0x0000000100000000, 0x0000000100000000)
  eden space 172032K, 100% used [0x00000000f0000000,0x00000000fa800000,0x00000000fa800000)
  from space 40448K, 99% used [0x00000000fa800000,0x00000000fcf3b088,0x00000000fcf80000)
  to   space 49664K, 0% used [0x00000000fcf80000,0x00000000fcf80000,0x0000000100000000)
 ParOldGen       total 74240K, used 64643K [0x00000000d0000000, 0x00000000d4880000, 0x00000000f0000000)
  object space 74240K, 87% used [0x00000000d0000000,0x00000000d3f20e08,0x00000000d4880000)
 Metaspace       used 61037K, capacity 62608K, committed 62836K, reserved 1103872K
  class space    used 7028K, capacity 7466K, committed 7552K, reserved 1048576K
Event: 21.482 GC heap after
Heap after GC invocations=67 (full 5):
 PSYoungGen      total 199168K, used 41078K [0x00000000f0000000, 0x0000000100000000, 0x0000000100000000)
  eden space 149504K, 0% used [0x00000000f0000000,0x00000000f0000000,0x00000000f9200000)
  from space 49664K, 82% used [0x00000000fcf80000,0x00000000ff79dad0,0x0000000100000000)
  to   space 56320K, 0% used [0x00000000f9200000,0x00000000f9200000,0x00000000fc900000)
 ParOldGen       total 74240K, used 64651K [0x00000000d0000000, 0x00000000d4880000, 0x00000000f0000000)
  object space 74240K, 87% used [0x00000000d0000000,0x00000000d3f22e08,0x00000000d4880000)
 Metaspace       used 61037K, capacity 62608K, committed 62836K, reserved 1103872K
  class space    used 7028K, capacity 7466K, committed 7552K, reserved 1048576K
}

