# JRE version: Java(TM) SE Runtime Environment (8.0_05-b13) (build 1.8.0_05-b13)
# Java VM: Java HotSpot(TM) 64-Bit Server VM (25.5-b02 mixed mode windows-amd64 compressed oops)
Heap:
 PSYoungGen      total 224768K, used 117428K [0x00000000f0000000, 0x0000000100000000, 0x0000000100000000)
  eden space 194560K, 44% used [0x00000000f0000000,0x00000000f555cb40,0x00000000fbe00000)
  from space 30208K, 99% used [0x00000000fbe00000,0x00000000fdb50660,0x00000000fdb80000)
  to   space 37376K, 0% used [0x00000000fdb80000,0x00000000fdb80000,0x0000000100000000)
 ParOldGen       total 75264K, used 62255K [0x00000000d0000000, 0x00000000d4980000, 0x00000000f0000000)
  object space 75264K, 82% used [0x00000000d0000000,0x00000000d3ccbf18,0x00000000d4980000)
 Metaspace       used 57834K, capacity 59254K, committed 59516K, reserved 1101824K
  class space    used 6522K, capacity 6963K, committed 7040K, reserved 1048576K
GC Heap History (10 events):
Event: 28.193 GC heap before
{Heap before GC invocations=60 (full 5):
 PSYoungGen      total 224768K, used 198021K [0x00000000f0000000, 0x00000000ffd00000, 0x0000000100000000)
  eden space 194560K, 100% used [0x00000000f0000000,0x00000000fbe00000,0x00000000fbe00000)
  from space 30208K, 11% used [0x00000000fdf80000,0x00000000fe2e15b0,0x00000000ffd00000)
  to   space 32256K, 0% used [0x00000000fbe00000,0x00000000fbe00000,0x00000000fdd80000)
 ParOldGen       total 75264K, used 62215K [0x00000000d0000000, 0x00000000d4980000, 0x00000000f0000000)
  object space 75264K, 82% used [0x00000000d0000000,0x00000000d3cc1f18,0x00000000d4980000)
 Metaspace       used 52097K, capacity 53268K, committed 53628K, reserved 1097728K
  class space    used 5820K, capacity 6200K, committed 6272K, reserved 1048576K
Event: 28.220 GC heap after
Heap after GC invocations=60 (full 5):
 PSYoungGen      total 226816K, used 7080K [0x00000000f0000000, 0x00000000fff00000, 0x0000000100000000)
  eden space 194560K, 0% used [0x00000000f0000000,0x00000000f0000000,0x00000000fbe00000)
  from space 32256K, 21% used [0x00000000fbe00000,0x00000000fc4ea260,0x00000000fdd80000)
  to   space 30720K, 0% used [0x00000000fe100000,0x00000000fe100000,0x00000000fff00000)
 ParOldGen       total 75264K, used 62223K [0x00000000d0000000, 0x00000000d4980000, 0x00000000f0000000)
  object space 75264K, 82% used [0x00000000d0000000,0x00000000d3cc3f18,0x00000000d4980000)
 Metaspace       used 52097K, capacity 53268K, committed 53628K, reserved 1097728K
  class space    used 5820K, capacity 6200K, committed 6272K, reserved 1048576K
}
Event: 29.671 GC heap before
{Heap before GC invocations=61 (full 5):
 PSYoungGen      total 226816K, used 201640K [0x00000000f0000000, 0x00000000fff00000, 0x0000000100000000)
  eden space 194560K, 100% used [0x00000000f0000000,0x00000000fbe00000,0x00000000fbe00000)
  from space 32256K, 21% used [0x00000000fbe00000,0x00000000fc4ea260,0x00000000fdd80000)
  to   space 30720K, 0% used [0x00000000fe100000,0x00000000fe100000,0x00000000fff00000)
 ParOldGen       total 75264K, used 62223K [0x00000000d0000000, 0x00000000d4980000, 0x00000000f0000000)
  object space 75264K, 82% used [0x00000000d0000000,0x00000000d3cc3f18,0x00000000d4980000)
 Metaspace       used 53082K, capacity 54310K, committed 54524K, reserved 1097728K
  class space    used 5946K, capacity 6331K, committed 6400K, reserved 1048576K
Event: 29.695 GC heap after
Heap after GC invocations=61 (full 5):
 PSYoungGen      total 226304K, used 10547K [0x00000000f0000000, 0x00000000ffb80000, 0x0000000100000000)
  eden space 199168K, 0% used [0x00000000f0000000,0x00000000f0000000,0x00000000fc280000)
  from space 27136K, 38% used [0x00000000fe100000,0x00000000feb4cf50,0x00000000ffb80000)
  to   space 29184K, 0% used [0x00000000fc280000,0x00000000fc280000,0x00000000fdf00000)
 ParOldGen       total 75264K, used 62231K [0x00000000d0000000, 0x00000000d4980000, 0x00000000f0000000)
  object space 75264K, 82% used [0x00000000d0000000,0x00000000d3cc5f18,0x00000000d4980000)
 Metaspace       used 53082K, capacity 54310K, committed 54524K, reserved 1097728K
  class space    used 5946K, capacity 6331K, committed 6400K, reserved 1048576K
}
Event: 32.443 GC heap before
{Heap before GC invocations=62 (full 5):
 PSYoungGen      total 226304K, used 207690K [0x00000000f0000000, 0x00000000ffb80000, 0x0000000100000000)
  eden space 199168K, 98% used [0x00000000f0000000,0x00000000fc085c30,0x00000000fc280000)
  from space 27136K, 38% used [0x00000000fe100000,0x00000000feb4cf50,0x00000000ffb80000)
  to   space 29184K, 0% used [0x00000000fc280000,0x00000000fc280000,0x00000000fdf00000)
 ParOldGen       total 75264K, used 62231K [0x00000000d0000000, 0x00000000d4980000, 0x00000000f0000000)
  object space 75264K, 82% used [0x00000000d0000000,0x00000000d3cc5f18,0x00000000d4980000)
 Metaspace       used 54030K, capacity 55326K, committed 55676K, reserved 1097728K
  class space    used 6067K, capacity 6447K, committed 6528K, reserved 1048576K
Event: 32.482 GC heap after
Heap after GC invocations=62 (full 5):
 PSYoungGen      total 228352K, used 17342K [0x00000000f0000000, 0x0000000100000000, 0x0000000100000000)
  eden space 199168K, 0% used [0x00000000f0000000,0x00000000f0000000,0x00000000fc280000)
  from space 29184K, 59% used [0x00000000fc280000,0x00000000fd36faf8,0x00000000fdf00000)
  to   space 29696K, 0% used [0x00000000fe300000,0x00000000fe300000,0x0000000100000000)
 ParOldGen       total 75264K, used 62239K [0x00000000d0000000, 0x00000000d4980000, 0x00000000f0000000)
  object space 75264K, 82% used [0x00000000d0000000,0x00000000d3cc7f18,0x00000000d4980000)
 Metaspace       used 54030K, capacity 55326K, committed 55676K, reserved 1097728K
  class space    used 6067K, capacity 6447K, committed 6528K, reserved 1048576K
}
Event: 34.445 GC heap before
{Heap before GC invocations=63 (full 5):
 PSYoungGen      total 228352K, used 215566K [0x00000000f0000000, 0x0000000100000000, 0x0000000100000000)
  eden space 199168K, 99% used [0x00000000f0000000,0x00000000fc193f60,0x00000000fc280000)
  from space 29184K, 59% used [0x00000000fc280000,0x00000000fd36faf8,0x00000000fdf00000)
  to   space 29696K, 0% used [0x00000000fe300000,0x00000000fe300000,0x0000000100000000)
 ParOldGen       total 75264K, used 62239K [0x00000000d0000000, 0x00000000d4980000, 0x00000000f0000000)
  object space 75264K, 82% used [0x00000000d0000000,0x00000000d3cc7f18,0x00000000d4980000)
 Metaspace       used 55471K, capacity 56828K, committed 57084K, reserved 1099776K
  class space    used 6184K, capacity 6580K, committed 6656K, reserved 1048576K
Event: 34.476 GC heap after
Heap after GC invocations=63 (full 5):
 PSYoungGen      total 224256K, used 26080K [0x00000000f0000000, 0x0000000100000000, 0x0000000100000000)
  eden space 194560K, 0% used [0x00000000f0000000,0x00000000f0000000,0x00000000fbe00000)
  from space 29696K, 87% used [0x00000000fe300000,0x00000000ffc78118,0x0000000100000000)
  to   space 33792K, 0% used [0x00000000fbe00000,0x00000000fbe00000,0x00000000fdf00000)
 ParOldGen       total 75264K, used 62247K [0x00000000d0000000, 0x00000000d4980000, 0x00000000f0000000)
  object space 75264K, 82% used [0x00000000d0000000,0x00000000d3cc9f18,0x00000000d4980000)
 Metaspace       used 55471K, capacity 56828K, committed 57084K, reserved 1099776K
  class space    used 6184K, capacity 6580K, committed 6656K, reserved 1048576K
}
Event: 35.333 GC heap before
{Heap before GC invocations=64 (full 5):
 PSYoungGen      total 224256K, used 220640K [0x00000000f0000000, 0x0000000100000000, 0x0000000100000000)
  eden space 194560K, 100% used [0x00000000f0000000,0x00000000fbe00000,0x00000000fbe00000)
  from space 29696K, 87% used [0x00000000fe300000,0x00000000ffc78118,0x0000000100000000)
  to   space 33792K, 0% used [0x00000000fbe00000,0x00000000fbe00000,0x00000000fdf00000)
 ParOldGen       total 75264K, used 62247K [0x00000000d0000000, 0x00000000d4980000, 0x00000000f0000000)
  object space 75264K, 82% used [0x00000000d0000000,0x00000000d3cc9f18,0x00000000d4980000)
 Metaspace       used 57001K, capacity 58410K, committed 58620K, reserved 1101824K
  class space    used 6384K, capacity 6808K, committed 6912K, reserved 1048576K
Event: 35.423 GC heap after
Heap after GC invocations=64 (full 5):
 PSYoungGen      total 224768K, used 30017K [0x00000000f0000000, 0x0000000100000000, 0x0000000100000000)
  eden space 194560K, 0% used [0x00000000f0000000,0x00000000f0000000,0x00000000fbe00000)
  from space 30208K, 99% used [0x00000000fbe00000,0x00000000fdb50660,0x00000000fdb80000)
  to   space 37376K, 0% used [0x00000000fdb80000,0x00000000fdb80000,0x0000000100000000)
 ParOldGen       total 75264K, used 62255K [0x00000000d0000000, 0x00000000d4980000, 0x00000000f0000000)
  object space 75264K, 82% used [0x00000000d0000000,0x00000000d3ccbf18,0x00000000d4980000)
 Metaspace       used 57001K, capacity 58410K, committed 58620K, reserved 1101824K
  class space    used 6384K, capacity 6808K, committed 6912K, reserved 1048576K
}

