# JRE version: Java(TM) SE Runtime Environment (8.0_05-b13) (build 1.8.0_05-b13)
# Java VM: Java HotSpot(TM) 64-Bit Server VM (25.5-b02 mixed mode windows-amd64 compressed oops)
Heap:
 PSYoungGen      total 218112K, used 71620K [0x00000000f0000000, 0x0000000100000000, 0x0000000100000000)
  eden space 182272K, 19% used [0x00000000f0000000,0x00000000f23689f0,0x00000000fb200000)
  from space 35840K, 98% used [0x00000000fb200000,0x00000000fd488630,0x00000000fd500000)
  to   space 44032K, 0% used [0x00000000fd500000,0x00000000fd500000,0x0000000100000000)
 ParOldGen       total 78848K, used 67778K [0x00000000d0000000, 0x00000000d4d00000, 0x00000000f0000000)
  object space 78848K, 85% used [0x00000000d0000000,0x00000000d4230a68,0x00000000d4d00000)
 Metaspace       used 60082K, capacity 61618K, committed 61952K, reserved 1103872K
  class space    used 6895K, capacity 7332K, committed 7424K, reserved 1048576K
GC Heap History (10 events):
Event: 16.044 GC heap before
{Heap before GC invocations=56 (full 4):
 PSYoungGen      total 238592K, used 238306K [0x00000000f0000000, 0x0000000100000000, 0x0000000100000000)
  eden space 215040K, 99% used [0x00000000f0000000,0x00000000fd1b9170,0x00000000fd200000)
  from space 23552K, 99% used [0x00000000fd200000,0x00000000fe8ffa38,0x00000000fe900000)
  to   space 23552K, 0% used [0x00000000fe900000,0x00000000fe900000,0x0000000100000000)
 ParOldGen       total 64000K, used 56179K [0x00000000d0000000, 0x00000000d3e80000, 0x00000000f0000000)
  object space 64000K, 87% used [0x00000000d0000000,0x00000000d36dcc30,0x00000000d3e80000)
 Metaspace       used 55698K, capacity 57066K, committed 57344K, reserved 1099776K
  class space    used 6208K, capacity 6578K, committed 6656K, reserved 1048576K
Event: 16.092 GC heap after
Heap after GC invocations=56 (full 4):
 PSYoungGen      total 217088K, used 23546K [0x00000000f0000000, 0x0000000100000000, 0x0000000100000000)
  eden space 193536K, 0% used [0x00000000f0000000,0x00000000f0000000,0x00000000fbd00000)
  from space 23552K, 99% used [0x00000000fe900000,0x00000000ffffe8f0,0x0000000100000000)
  to   space 34304K, 0% used [0x00000000fbd00000,0x00000000fbd00000,0x00000000fde80000)
 ParOldGen       total 66048K, used 65533K [0x00000000d0000000, 0x00000000d4080000, 0x00000000f0000000)
  object space 66048K, 99% used [0x00000000d0000000,0x00000000d3fff4b8,0x00000000d4080000)
 Metaspace       used 55698K, capacity 57066K, committed 57344K, reserved 1099776K
  class space    used 6208K, capacity 6578K, committed 6656K, reserved 1048576K
}
Event: 16.092 GC heap before
{Heap before GC invocations=57 (full 5):
 PSYoungGen      total 217088K, used 23546K [0x00000000f0000000, 0x0000000100000000, 0x0000000100000000)
  eden space 193536K, 0% used [0x00000000f0000000,0x00000000f0000000,0x00000000fbd00000)
  from space 23552K, 99% used [0x00000000fe900000,0x00000000ffffe8f0,0x0000000100000000)
  to   space 34304K, 0% used [0x00000000fbd00000,0x00000000fbd00000,0x00000000fde80000)
 ParOldGen       total 66048K, used 65533K [0x00000000d0000000, 0x00000000d4080000, 0x00000000f0000000)
  object space 66048K, 99% used [0x00000000d0000000,0x00000000d3fff4b8,0x00000000d4080000)
 Metaspace       used 55698K, capacity 57066K, committed 57344K, reserved 1099776K
  class space    used 6208K, capacity 6578K, committed 6656K, reserved 1048576K
Event: 17.032 GC heap after
Heap after GC invocations=57 (full 5):
 PSYoungGen      total 217088K, used 20830K [0x00000000f0000000, 0x0000000100000000, 0x0000000100000000)
  eden space 193536K, 0% used [0x00000000f0000000,0x00000000f0000000,0x00000000fbd00000)
  from space 23552K, 88% used [0x00000000fe900000,0x00000000ffd57ba0,0x0000000100000000)
  to   space 34304K, 0% used [0x00000000fbd00000,0x00000000fbd00000,0x00000000fde80000)
 ParOldGen       total 78848K, used 65925K [0x00000000d0000000, 0x00000000d4d00000, 0x00000000f0000000)
  object space 78848K, 83% used [0x00000000d0000000,0x00000000d40617f8,0x00000000d4d00000)
 Metaspace       used 55698K, capacity 57066K, committed 57344K, reserved 1099776K
  class space    used 6208K, capacity 6578K, committed 6656K, reserved 1048576K
}
Event: 17.462 GC heap before
{Heap before GC invocations=58 (full 5):
 PSYoungGen      total 217088K, used 214366K [0x00000000f0000000, 0x0000000100000000, 0x0000000100000000)
  eden space 193536K, 100% used [0x00000000f0000000,0x00000000fbd00000,0x00000000fbd00000)
  from space 23552K, 88% used [0x00000000fe900000,0x00000000ffd57ba0,0x0000000100000000)
  to   space 34304K, 0% used [0x00000000fbd00000,0x00000000fbd00000,0x00000000fde80000)
 ParOldGen       total 78848K, used 65925K [0x00000000d0000000, 0x00000000d4d00000, 0x00000000f0000000)
  object space 78848K, 83% used [0x00000000d0000000,0x00000000d40617f8,0x00000000d4d00000)
 Metaspace       used 57566K, capacity 58944K, committed 59136K, reserved 1101824K
  class space    used 6480K, capacity 6906K, committed 6912K, reserved 1048576K
Event: 17.519 GC heap after
Heap after GC invocations=58 (full 5):
 PSYoungGen      total 219648K, used 25804K [0x00000000f0000000, 0x0000000100000000, 0x0000000100000000)
  eden space 193536K, 0% used [0x00000000f0000000,0x00000000f0000000,0x00000000fbd00000)
  from space 26112K, 98% used [0x00000000fbd00000,0x00000000fd6333d0,0x00000000fd680000)
  to   space 36352K, 0% used [0x00000000fdc80000,0x00000000fdc80000,0x0000000100000000)
 ParOldGen       total 78848K, used 67762K [0x00000000d0000000, 0x00000000d4d00000, 0x00000000f0000000)
  object space 78848K, 85% used [0x00000000d0000000,0x00000000d422ca68,0x00000000d4d00000)
 Metaspace       used 57566K, capacity 58944K, committed 59136K, reserved 1101824K
  class space    used 6480K, capacity 6906K, committed 6912K, reserved 1048576K
}
Event: 18.421 GC heap before
{Heap before GC invocations=59 (full 5):
 PSYoungGen      total 219648K, used 219033K [0x00000000f0000000, 0x0000000100000000, 0x0000000100000000)
  eden space 193536K, 99% used [0x00000000f0000000,0x00000000fbcb3240,0x00000000fbd00000)
  from space 26112K, 98% used [0x00000000fbd00000,0x00000000fd6333d0,0x00000000fd680000)
  to   space 36352K, 0% used [0x00000000fdc80000,0x00000000fdc80000,0x0000000100000000)
 ParOldGen       total 78848K, used 67762K [0x00000000d0000000, 0x00000000d4d00000, 0x00000000f0000000)
  object space 78848K, 85% used [0x00000000d0000000,0x00000000d422ca68,0x00000000d4d00000)
 Metaspace       used 58502K, capacity 59918K, committed 60160K, reserved 1101824K
  class space    used 6632K, capacity 7055K, committed 7168K, reserved 1048576K
Event: 18.472 GC heap after
Heap after GC invocations=59 (full 5):
 PSYoungGen      total 218624K, used 31060K [0x00000000f0000000, 0x0000000100000000, 0x0000000100000000)
  eden space 182272K, 0% used [0x00000000f0000000,0x00000000f0000000,0x00000000fb200000)
  from space 36352K, 85% used [0x00000000fdc80000,0x00000000ffad5158,0x0000000100000000)
  to   space 39936K, 0% used [0x00000000fb200000,0x00000000fb200000,0x00000000fd900000)
 ParOldGen       total 78848K, used 67770K [0x00000000d0000000, 0x00000000d4d00000, 0x00000000f0000000)
  object space 78848K, 85% used [0x00000000d0000000,0x00000000d422ea68,0x00000000d4d00000)
 Metaspace       used 58502K, capacity 59918K, committed 60160K, reserved 1101824K
  class space    used 6632K, capacity 7055K, committed 7168K, reserved 1048576K
}
Event: 19.120 GC heap before
{Heap before GC invocations=60 (full 5):
 PSYoungGen      total 218624K, used 213332K [0x00000000f0000000, 0x0000000100000000, 0x0000000100000000)
  eden space 182272K, 100% used [0x00000000f0000000,0x00000000fb200000,0x00000000fb200000)
  from space 36352K, 85% used [0x00000000fdc80000,0x00000000ffad5158,0x0000000100000000)
  to   space 39936K, 0% used [0x00000000fb200000,0x00000000fb200000,0x00000000fd900000)
 ParOldGen       total 78848K, used 67770K [0x00000000d0000000, 0x00000000d4d00000, 0x00000000f0000000)
  object space 78848K, 85% used [0x00000000d0000000,0x00000000d422ea68,0x00000000d4d00000)
 Metaspace       used 59772K, capacity 61298K, committed 61568K, reserved 1103872K
  class space    used 6825K, capacity 7268K, committed 7296K, reserved 1048576K
Event: 19.181 GC heap after
Heap after GC invocations=60 (full 5):
 PSYoungGen      total 218112K, used 35361K [0x00000000f0000000, 0x0000000100000000, 0x0000000100000000)
  eden space 182272K, 0% used [0x00000000f0000000,0x00000000f0000000,0x00000000fb200000)
  from space 35840K, 98% used [0x00000000fb200000,0x00000000fd488630,0x00000000fd500000)
  to   space 44032K, 0% used [0x00000000fd500000,0x00000000fd500000,0x0000000100000000)
 ParOldGen       total 78848K, used 67778K [0x00000000d0000000, 0x00000000d4d00000, 0x00000000f0000000)
  object space 78848K, 85% used [0x00000000d0000000,0x00000000d4230a68,0x00000000d4d00000)
 Metaspace       used 59772K, capacity 61298K, committed 61568K, reserved 1103872K
  class space    used 6825K, capacity 7268K, committed 7296K, reserved 1048576K
}

