# JRE version: Java(TM) SE Runtime Environment (8.0_05-b13) (build 1.8.0_05-b13)
# Java VM: Java HotSpot(TM) 64-Bit Server VM (25.5-b02 mixed mode windows-amd64 compressed oops)
Heap:
 PSYoungGen      total 232960K, used 178537K [0x00000000f0000000, 0x0000000100000000, 0x0000000100000000)
  eden space 211968K, 74% used [0x00000000f0000000,0x00000000f99e03a0,0x00000000fcf00000)
  from space 20992K, 99% used [0x00000000feb80000,0x00000000ffffa430,0x0000000100000000)
  to   space 25088K, 0% used [0x00000000fcf00000,0x00000000fcf00000,0x00000000fe780000)
 ParOldGen       total 91136K, used 78154K [0x00000000d0000000, 0x00000000d5900000, 0x00000000f0000000)
  object space 91136K, 85% used [0x00000000d0000000,0x00000000d4c52b00,0x00000000d5900000)
 Metaspace       used 59210K, capacity 60708K, committed 61012K, reserved 1103872K
  class space    used 6724K, capacity 7174K, committed 7296K, reserved 1048576K
GC Heap History (10 events):
Event: 17.914 GC heap before
{Heap before GC invocations=59 (full 5):
 PSYoungGen      total 219648K, used 213510K [0x00000000f0000000, 0x00000000ff400000, 0x0000000100000000)
  eden space 208896K, 100% used [0x00000000f0000000,0x00000000fcc00000,0x00000000fcc00000)
  from space 10752K, 42% used [0x00000000fcc00000,0x00000000fd081980,0x00000000fd680000)
  to   space 10752K, 0% used [0x00000000fe980000,0x00000000fe980000,0x00000000ff400000)
 ParOldGen       total 75776K, used 61803K [0x00000000d0000000, 0x00000000d4a00000, 0x00000000f0000000)
  object space 75776K, 81% used [0x00000000d0000000,0x00000000d3c5aee0,0x00000000d4a00000)
 Metaspace       used 52234K, capacity 53418K, committed 53588K, reserved 1097728K
  class space    used 5848K, capacity 6230K, committed 6272K, reserved 1048576K
Event: 17.948 GC heap after
Heap after GC invocations=59 (full 5):
 PSYoungGen      total 238592K, used 7835K [0x00000000f0000000, 0x00000000ff480000, 0x0000000100000000)
  eden space 227840K, 0% used [0x00000000f0000000,0x00000000f0000000,0x00000000fde80000)
  from space 10752K, 72% used [0x00000000fe980000,0x00000000ff126dc8,0x00000000ff400000)
  to   space 11264K, 0% used [0x00000000fde80000,0x00000000fde80000,0x00000000fe980000)
 ParOldGen       total 75776K, used 61811K [0x00000000d0000000, 0x00000000d4a00000, 0x00000000f0000000)
  object space 75776K, 81% used [0x00000000d0000000,0x00000000d3c5cee0,0x00000000d4a00000)
 Metaspace       used 52234K, capacity 53418K, committed 53588K, reserved 1097728K
  class space    used 5848K, capacity 6230K, committed 6272K, reserved 1048576K
}
Event: 19.089 GC heap before
{Heap before GC invocations=60 (full 5):
 PSYoungGen      total 238592K, used 235675K [0x00000000f0000000, 0x00000000ff480000, 0x0000000100000000)
  eden space 227840K, 100% used [0x00000000f0000000,0x00000000fde80000,0x00000000fde80000)
  from space 10752K, 72% used [0x00000000fe980000,0x00000000ff126dc8,0x00000000ff400000)
  to   space 11264K, 0% used [0x00000000fde80000,0x00000000fde80000,0x00000000fe980000)
 ParOldGen       total 75776K, used 61811K [0x00000000d0000000, 0x00000000d4a00000, 0x00000000f0000000)
  object space 75776K, 81% used [0x00000000d0000000,0x00000000d3c5cee0,0x00000000d4a00000)
 Metaspace       used 53441K, capacity 54718K, committed 54996K, reserved 1097728K
  class space    used 5991K, capacity 6373K, committed 6400K, reserved 1048576K
Event: 19.121 GC heap after
Heap after GC invocations=60 (full 5):
 PSYoungGen      total 239104K, used 11248K [0x00000000f0000000, 0x0000000100000000, 0x0000000100000000)
  eden space 227840K, 0% used [0x00000000f0000000,0x00000000f0000000,0x00000000fde80000)
  from space 11264K, 99% used [0x00000000fde80000,0x00000000fe97c028,0x00000000fe980000)
  to   space 14336K, 0% used [0x00000000ff200000,0x00000000ff200000,0x0000000100000000)
 ParOldGen       total 75776K, used 64691K [0x00000000d0000000, 0x00000000d4a00000, 0x00000000f0000000)
  object space 75776K, 85% used [0x00000000d0000000,0x00000000d3f2cd98,0x00000000d4a00000)
 Metaspace       used 53441K, capacity 54718K, committed 54996K, reserved 1097728K
  class space    used 5991K, capacity 6373K, committed 6400K, reserved 1048576K
}
Event: 20.608 GC heap before
{Heap before GC invocations=61 (full 5):
 PSYoungGen      total 239104K, used 239088K [0x00000000f0000000, 0x0000000100000000, 0x0000000100000000)
  eden space 227840K, 100% used [0x00000000f0000000,0x00000000fde80000,0x00000000fde80000)
  from space 11264K, 99% used [0x00000000fde80000,0x00000000fe97c028,0x00000000fe980000)
  to   space 14336K, 0% used [0x00000000ff200000,0x00000000ff200000,0x0000000100000000)
 ParOldGen       total 75776K, used 64691K [0x00000000d0000000, 0x00000000d4a00000, 0x00000000f0000000)
  object space 75776K, 85% used [0x00000000d0000000,0x00000000d3f2cd98,0x00000000d4a00000)
 Metaspace       used 55191K, capacity 56600K, committed 56788K, reserved 1099776K
  class space    used 6151K, capacity 6548K, committed 6656K, reserved 1048576K
Event: 20.660 GC heap after
Heap after GC invocations=61 (full 5):
 PSYoungGen      total 236544K, used 14310K [0x00000000f0000000, 0x0000000100000000, 0x0000000100000000)
  eden space 222208K, 0% used [0x00000000f0000000,0x00000000f0000000,0x00000000fd900000)
  from space 14336K, 99% used [0x00000000ff200000,0x00000000ffff9850,0x0000000100000000)
  to   space 19968K, 0% used [0x00000000fd900000,0x00000000fd900000,0x00000000fec80000)
 ParOldGen       total 75776K, used 73120K [0x00000000d0000000, 0x00000000d4a00000, 0x00000000f0000000)
  object space 75776K, 96% used [0x00000000d0000000,0x00000000d4768068,0x00000000d4a00000)
 Metaspace       used 55191K, capacity 56600K, committed 56788K, reserved 1099776K
  class space    used 6151K, capacity 6548K, committed 6656K, reserved 1048576K
}
Event: 20.661 GC heap before
{Heap before GC invocations=62 (full 6):
 PSYoungGen      total 236544K, used 14310K [0x00000000f0000000, 0x0000000100000000, 0x0000000100000000)
  eden space 222208K, 0% used [0x00000000f0000000,0x00000000f0000000,0x00000000fd900000)
  from space 14336K, 99% used [0x00000000ff200000,0x00000000ffff9850,0x0000000100000000)
  to   space 19968K, 0% used [0x00000000fd900000,0x00000000fd900000,0x00000000fec80000)
 ParOldGen       total 75776K, used 73120K [0x00000000d0000000, 0x00000000d4a00000, 0x00000000f0000000)
  object space 75776K, 96% used [0x00000000d0000000,0x00000000d4768068,0x00000000d4a00000)
 Metaspace       used 55191K, capacity 56600K, committed 56788K, reserved 1099776K
  class space    used 6151K, capacity 6548K, committed 6656K, reserved 1048576K
Event: 21.521 GC heap after
Heap after GC invocations=62 (full 6):
 PSYoungGen      total 236544K, used 10106K [0x00000000f0000000, 0x0000000100000000, 0x0000000100000000)
  eden space 222208K, 0% used [0x00000000f0000000,0x00000000f0000000,0x00000000fd900000)
  from space 14336K, 70% used [0x00000000ff200000,0x00000000ffbdeb58,0x0000000100000000)
  to   space 19968K, 0% used [0x00000000fd900000,0x00000000fd900000,0x00000000fec80000)
 ParOldGen       total 91136K, used 75435K [0x00000000d0000000, 0x00000000d5900000, 0x00000000f0000000)
  object space 91136K, 82% used [0x00000000d0000000,0x00000000d49aac40,0x00000000d5900000)
 Metaspace       used 55191K, capacity 56600K, committed 56788K, reserved 1099776K
  class space    used 6151K, capacity 6548K, committed 6656K, reserved 1048576K
}
Event: 22.177 GC heap before
{Heap before GC invocations=63 (full 6):
 PSYoungGen      total 236544K, used 232314K [0x00000000f0000000, 0x0000000100000000, 0x0000000100000000)
  eden space 222208K, 100% used [0x00000000f0000000,0x00000000fd900000,0x00000000fd900000)
  from space 14336K, 70% used [0x00000000ff200000,0x00000000ffbdeb58,0x0000000100000000)
  to   space 19968K, 0% used [0x00000000fd900000,0x00000000fd900000,0x00000000fec80000)
 ParOldGen       total 91136K, used 75435K [0x00000000d0000000, 0x00000000d5900000, 0x00000000f0000000)
  object space 91136K, 82% used [0x00000000d0000000,0x00000000d49aac40,0x00000000d5900000)
 Metaspace       used 56326K, capacity 57658K, committed 57812K, reserved 1099776K
  class space    used 6275K, capacity 6646K, committed 6656K, reserved 1048576K
Event: 22.213 GC heap after
Heap after GC invocations=63 (full 6):
 PSYoungGen      total 236032K, used 13521K [0x00000000f0000000, 0x0000000100000000, 0x0000000100000000)
  eden space 222208K, 0% used [0x00000000f0000000,0x00000000f0000000,0x00000000fd900000)
  from space 13824K, 97% used [0x00000000fd900000,0x00000000fe634660,0x00000000fe680000)
  to   space 20992K, 0% used [0x00000000feb80000,0x00000000feb80000,0x0000000100000000)
 ParOldGen       total 91136K, used 75747K [0x00000000d0000000, 0x00000000d5900000, 0x00000000f0000000)
  object space 91136K, 83% used [0x00000000d0000000,0x00000000d49f8c50,0x00000000d5900000)
 Metaspace       used 56326K, capacity 57658K, committed 57812K, reserved 1099776K
  class space    used 6275K, capacity 6646K, committed 6656K, reserved 1048576K
}

