# JRE version: Java(TM) SE Runtime Environment (8.0_05-b13) (build 1.8.0_05-b13)
# Java VM: Java HotSpot(TM) 64-Bit Server VM (25.5-b02 mixed mode windows-amd64 compressed oops)
Heap:
 PSYoungGen      total 193024K, used 81469K [0x00000000f0000000, 0x0000000100000000, 0x0000000100000000)
  eden space 133120K, 27% used [0x00000000f0000000,0x00000000f23a8790,0x00000000f8200000)
  from space 59904K, 75% used [0x00000000fc580000,0x00000000ff166ed0,0x0000000100000000)
  to   space 64512K, 0% used [0x00000000f8200000,0x00000000f8200000,0x00000000fc100000)
 ParOldGen       total 78848K, used 65296K [0x00000000d0000000, 0x00000000d4d00000, 0x00000000f0000000)
  object space 78848K, 82% used [0x00000000d0000000,0x00000000d3fc4398,0x00000000d4d00000)
 Metaspace       used 64143K, capacity 65740K, committed 65992K, reserved 1107968K
  class space    used 7321K, capacity 7823K, committed 7936K, reserved 1048576K
GC Heap History (10 events):
Event: 22.156 GC heap before
{Heap before GC invocations=61 (full 5):
 PSYoungGen      total 225280K, used 224828K [0x00000000f0000000, 0x0000000100000000, 0x0000000100000000)
  eden space 197632K, 100% used [0x00000000f0000000,0x00000000fc100000,0x00000000fc100000)
  from space 27648K, 98% used [0x00000000fc100000,0x00000000fdb8f3c0,0x00000000fdc00000)
  to   space 36352K, 0% used [0x00000000fdc80000,0x00000000fdc80000,0x0000000100000000)
 ParOldGen       total 78848K, used 63892K [0x00000000d0000000, 0x00000000d4d00000, 0x00000000f0000000)
  object space 78848K, 81% used [0x00000000d0000000,0x00000000d3e65388,0x00000000d4d00000)
 Metaspace       used 58577K, capacity 60010K, committed 60232K, reserved 1101824K
  class space    used 6583K, capacity 7003K, committed 7040K, reserved 1048576K
Event: 22.214 GC heap after
Heap after GC invocations=61 (full 5):
 PSYoungGen      total 214528K, used 34194K [0x00000000f0000000, 0x0000000100000000, 0x0000000100000000)
  eden space 178176K, 0% used [0x00000000f0000000,0x00000000f0000000,0x00000000fae00000)
  from space 36352K, 94% used [0x00000000fdc80000,0x00000000ffde4938,0x0000000100000000)
  to   space 41984K, 0% used [0x00000000fae00000,0x00000000fae00000,0x00000000fd700000)
 ParOldGen       total 78848K, used 63900K [0x00000000d0000000, 0x00000000d4d00000, 0x00000000f0000000)
  object space 78848K, 81% used [0x00000000d0000000,0x00000000d3e67388,0x00000000d4d00000)
 Metaspace       used 58577K, capacity 60010K, committed 60232K, reserved 1101824K
  class space    used 6583K, capacity 7003K, committed 7040K, reserved 1048576K
}
Event: 23.209 GC heap before
{Heap before GC invocations=62 (full 5):
 PSYoungGen      total 214528K, used 206824K [0x00000000f0000000, 0x0000000100000000, 0x0000000100000000)
  eden space 178176K, 96% used [0x00000000f0000000,0x00000000fa895980,0x00000000fae00000)
  from space 36352K, 94% used [0x00000000fdc80000,0x00000000ffde4938,0x0000000100000000)
  to   space 41984K, 0% used [0x00000000fae00000,0x00000000fae00000,0x00000000fd700000)
 ParOldGen       total 78848K, used 63900K [0x00000000d0000000, 0x00000000d4d00000, 0x00000000f0000000)
  object space 78848K, 81% used [0x00000000d0000000,0x00000000d3e67388,0x00000000d4d00000)
 Metaspace       used 59744K, capacity 61220K, committed 61512K, reserved 1103872K
  class space    used 6739K, capacity 7196K, committed 7296K, reserved 1048576K
Event: 23.280 GC heap after
Heap after GC invocations=62 (full 5):
 PSYoungGen      total 219136K, used 40529K [0x00000000f0000000, 0x0000000100000000, 0x0000000100000000)
  eden space 178176K, 0% used [0x00000000f0000000,0x00000000f0000000,0x00000000fae00000)
  from space 40960K, 98% used [0x00000000fae00000,0x00000000fd5947d0,0x00000000fd600000)
  to   space 43008K, 0% used [0x00000000fd600000,0x00000000fd600000,0x0000000100000000)
 ParOldGen       total 78848K, used 63908K [0x00000000d0000000, 0x00000000d4d00000, 0x00000000f0000000)
  object space 78848K, 81% used [0x00000000d0000000,0x00000000d3e69388,0x00000000d4d00000)
 Metaspace       used 59744K, capacity 61220K, committed 61512K, reserved 1103872K
  class space    used 6739K, capacity 7196K, committed 7296K, reserved 1048576K
}
Event: 23.729 GC heap before
{Heap before GC invocations=63 (full 5):
 PSYoungGen      total 219136K, used 215219K [0x00000000f0000000, 0x0000000100000000, 0x0000000100000000)
  eden space 178176K, 98% used [0x00000000f0000000,0x00000000faa98788,0x00000000fae00000)
  from space 40960K, 98% used [0x00000000fae00000,0x00000000fd5947d0,0x00000000fd600000)
  to   space 43008K, 0% used [0x00000000fd600000,0x00000000fd600000,0x0000000100000000)
 ParOldGen       total 78848K, used 63908K [0x00000000d0000000, 0x00000000d4d00000, 0x00000000f0000000)
  object space 78848K, 81% used [0x00000000d0000000,0x00000000d3e69388,0x00000000d4d00000)
 Metaspace       used 60704K, capacity 62242K, committed 62408K, reserved 1103872K
  class space    used 6909K, capacity 7364K, committed 7424K, reserved 1048576K
Event: 23.802 GC heap after
Heap after GC invocations=63 (full 5):
 PSYoungGen      total 196608K, used 42124K [0x00000000f0000000, 0x0000000100000000, 0x0000000100000000)
  eden space 153600K, 0% used [0x00000000f0000000,0x00000000f0000000,0x00000000f9600000)
  from space 43008K, 97% used [0x00000000fd600000,0x00000000fff23110,0x0000000100000000)
  to   space 54272K, 0% used [0x00000000f9600000,0x00000000f9600000,0x00000000fcb00000)
 ParOldGen       total 78848K, used 63916K [0x00000000d0000000, 0x00000000d4d00000, 0x00000000f0000000)
  object space 78848K, 81% used [0x00000000d0000000,0x00000000d3e6b388,0x00000000d4d00000)
 Metaspace       used 60704K, capacity 62242K, committed 62408K, reserved 1103872K
  class space    used 6909K, capacity 7364K, committed 7424K, reserved 1048576K
}
Event: 24.451 GC heap before
{Heap before GC invocations=64 (full 5):
 PSYoungGen      total 196608K, used 195724K [0x00000000f0000000, 0x0000000100000000, 0x0000000100000000)
  eden space 153600K, 100% used [0x00000000f0000000,0x00000000f9600000,0x00000000f9600000)
  from space 43008K, 97% used [0x00000000fd600000,0x00000000fff23110,0x0000000100000000)
  to   space 54272K, 0% used [0x00000000f9600000,0x00000000f9600000,0x00000000fcb00000)
 ParOldGen       total 78848K, used 63916K [0x00000000d0000000, 0x00000000d4d00000, 0x00000000f0000000)
  object space 78848K, 81% used [0x00000000d0000000,0x00000000d3e6b388,0x00000000d4d00000)
 Metaspace       used 62068K, capacity 63630K, committed 63944K, reserved 1105920K
  class space    used 7105K, capacity 7616K, committed 7680K, reserved 1048576K
Event: 24.521 GC heap after
Heap after GC invocations=64 (full 5):
 PSYoungGen      total 197632K, used 43694K [0x00000000f0000000, 0x0000000100000000, 0x0000000100000000)
  eden space 153600K, 0% used [0x00000000f0000000,0x00000000f0000000,0x00000000f9600000)
  from space 44032K, 99% used [0x00000000f9600000,0x00000000fc0abbb0,0x00000000fc100000)
  to   space 59904K, 0% used [0x00000000fc580000,0x00000000fc580000,0x0000000100000000)
 ParOldGen       total 78848K, used 64060K [0x00000000d0000000, 0x00000000d4d00000, 0x00000000f0000000)
  object space 78848K, 81% used [0x00000000d0000000,0x00000000d3e8f388,0x00000000d4d00000)
 Metaspace       used 62068K, capacity 63630K, committed 63944K, reserved 1105920K
  class space    used 7105K, capacity 7616K, committed 7680K, reserved 1048576K
}
Event: 25.062 GC heap before
{Heap before GC invocations=65 (full 5):
 PSYoungGen      total 197632K, used 191563K [0x00000000f0000000, 0x0000000100000000, 0x0000000100000000)
  eden space 153600K, 96% used [0x00000000f0000000,0x00000000f90673b8,0x00000000f9600000)
  from space 44032K, 99% used [0x00000000f9600000,0x00000000fc0abbb0,0x00000000fc100000)
  to   space 59904K, 0% used [0x00000000fc580000,0x00000000fc580000,0x0000000100000000)
 ParOldGen       total 78848K, used 64060K [0x00000000d0000000, 0x00000000d4d00000, 0x00000000f0000000)
  object space 78848K, 81% used [0x00000000d0000000,0x00000000d3e8f388,0x00000000d4d00000)
 Metaspace       used 63504K, capacity 65072K, committed 65352K, reserved 1107968K
  class space    used 7247K, capacity 7716K, committed 7808K, reserved 1048576K
Event: 25.139 GC heap after
Heap after GC invocations=65 (full 5):
 PSYoungGen      total 193024K, used 44955K [0x00000000f0000000, 0x0000000100000000, 0x0000000100000000)
  eden space 133120K, 0% used [0x00000000f0000000,0x00000000f0000000,0x00000000f8200000)
  from space 59904K, 75% used [0x00000000fc580000,0x00000000ff166ed0,0x0000000100000000)
  to   space 64512K, 0% used [0x00000000f8200000,0x00000000f8200000,0x00000000fc100000)
 ParOldGen       total 78848K, used 65296K [0x00000000d0000000, 0x00000000d4d00000, 0x00000000f0000000)
  object space 78848K, 82% used [0x00000000d0000000,0x00000000d3fc4398,0x00000000d4d00000)
 Metaspace       used 63504K, capacity 65072K, committed 65352K, reserved 1107968K
  class space    used 7247K, capacity 7716K, committed 7808K, reserved 1048576K
}

